\BOOKMARK [0][-]{chapter.1}{\376\377\000I\000n\000t\000r\000o\000d\000u\000c\000t\000i\000o\000n}{}% 1
\BOOKMARK [1][-]{section.1.1}{\376\377\000S\000i\000m\000u\000l\000a\000t\000i\000o\000n\000\040\000O\000v\000e\000r\000v\000i\000e\000w}{chapter.1}% 2
\BOOKMARK [1][-]{section.1.2}{\376\377\000F\000l\000u\000e\000n\000t\000-\000t\000o\000-\000O\000p\000e\000n\000F\000O\000A\000M\000\040\000E\000q\000u\000i\000v\000a\000l\000e\000n\000c\000e}{chapter.1}% 3
\BOOKMARK [1][-]{section.1.3}{\376\377\000C\000a\000s\000e\000\040\000D\000i\000r\000e\000c\000t\000o\000r\000y\000\040\000S\000t\000r\000u\000c\000t\000u\000r\000e}{chapter.1}% 4
\BOOKMARK [0][-]{chapter.2}{\376\377\000G\000e\000o\000m\000e\000t\000r\000y\000\040\000a\000n\000d\000\040\000M\000e\000s\000h\000i\000n\000g}{}% 5
\BOOKMARK [1][-]{section.2.1}{\376\377\000G\000e\000o\000m\000e\000t\000r\000y\000\040\000D\000e\000f\000i\000n\000i\000t\000i\000o\000n}{chapter.2}% 6
\BOOKMARK [1][-]{section.2.2}{\376\377\000S\000t\000e\000p\000\040\0001\000:\000\040\000G\000e\000n\000e\000r\000a\000t\000e\000\040\000t\000h\000e\000\040\000S\000T\000L}{chapter.2}% 7
\BOOKMARK [1][-]{section.2.3}{\376\377\000S\000t\000e\000p\000\040\0002\000:\000\040\000B\000a\000c\000k\000g\000r\000o\000u\000n\000d\000\040\000M\000e\000s\000h\000\040\000\050\000b\000l\000o\000c\000k\000M\000e\000s\000h\000\051}{chapter.2}% 8
\BOOKMARK [1][-]{section.2.4}{\376\377\000S\000t\000e\000p\000\040\0003\000:\000\040\000F\000e\000a\000t\000u\000r\000e\000\040\000E\000x\000t\000r\000a\000c\000t\000i\000o\000n}{chapter.2}% 9
\BOOKMARK [1][-]{section.2.5}{\376\377\000S\000t\000e\000p\000\040\0004\000:\000\040\000s\000n\000a\000p\000p\000y\000H\000e\000x\000M\000e\000s\000h}{chapter.2}% 10
\BOOKMARK [2][-]{subsection.2.5.1}{\376\377\000C\000a\000s\000t\000e\000l\000l\000a\000t\000e\000d\000\040\000M\000e\000s\000h}{section.2.5}% 11
\BOOKMARK [2][-]{subsection.2.5.2}{\376\377\000S\000n\000a\000p\000p\000i\000n\000g}{section.2.5}% 12
\BOOKMARK [2][-]{subsection.2.5.3}{\376\377\000B\000o\000u\000n\000d\000a\000r\000y\000\040\000L\000a\000y\000e\000r\000s}{section.2.5}% 13
\BOOKMARK [2][-]{subsection.2.5.4}{\376\377\000B\000o\000u\000n\000d\000a\000r\000y\000\040\000P\000a\000t\000c\000h\000e\000s}{section.2.5}% 14
\BOOKMARK [0][-]{chapter.3}{\376\377\000P\000h\000y\000s\000i\000c\000a\000l\000\040\000M\000o\000d\000e\000l\000s\000\040\000a\000n\000d\000\040\000T\000u\000r\000b\000u\000l\000e\000n\000c\000e}{}% 15
\BOOKMARK [1][-]{section.3.1}{\376\377\000T\000u\000r\000b\000u\000l\000e\000n\000c\000e\000\040\000M\000o\000d\000e\000l\000\040\000\050\000m\000o\000m\000e\000n\000t\000u\000m\000T\000r\000a\000n\000s\000p\000o\000r\000t\000\051}{chapter.3}% 16
\BOOKMARK [2][-]{subsection.3.1.1}{\376\377\000K\000e\000y\000\040\000S\000e\000t\000t\000i\000n\000g\000s}{section.3.1}% 17
\BOOKMARK [2][-]{subsection.3.1.2}{\376\377\000T\000u\000r\000b\000u\000l\000e\000n\000t\000\040\000S\000c\000h\000m\000i\000d\000t\000\040\000N\000u\000m\000b\000e\000r}{section.3.1}% 18
\BOOKMARK [1][-]{section.3.2}{\376\377\000S\000p\000e\000c\000i\000e\000s\000\040\000T\000r\000a\000n\000s\000p\000o\000r\000t\000\040\000\050\000t\000h\000e\000r\000m\000o\000p\000h\000y\000s\000i\000c\000a\000l\000P\000r\000o\000p\000e\000r\000t\000i\000e\000s\000\051}{chapter.3}% 19
\BOOKMARK [2][-]{subsection.3.2.1}{\376\377\000T\000h\000e\000r\000m\000o\000-\000t\000y\000p\000e\000\040\000B\000r\000e\000a\000k\000d\000o\000w\000n}{section.3.2}% 20
\BOOKMARK [2][-]{subsection.3.2.2}{\376\377\000S\000p\000e\000c\000i\000e\000s\000\040\000P\000r\000o\000p\000e\000r\000t\000i\000e\000s\000\040\000\050\000N\000I\000S\000T\000\040\000R\000e\000f\000e\000r\000e\000n\000c\000e\000\040\000D\000a\000t\000a\000\051}{section.3.2}% 21
\BOOKMARK [1][-]{section.3.3}{\376\377\000C\000h\000e\000m\000i\000s\000t\000r\000y\000\040\000a\000n\000d\000\040\000C\000o\000m\000b\000u\000s\000t\000i\000o\000n\000\040\000\050\000D\000i\000s\000a\000b\000l\000e\000d\000\051}{chapter.3}% 22
\BOOKMARK [1][-]{section.3.4}{\376\377\000G\000r\000a\000v\000i\000t\000y}{chapter.3}% 23
\BOOKMARK [0][-]{chapter.4}{\376\377\000B\000o\000u\000n\000d\000a\000r\000y\000\040\000C\000o\000n\000d\000i\000t\000i\000o\000n\000s}{}% 24
\BOOKMARK [1][-]{section.4.1}{\376\377\000V\000e\000l\000o\000c\000i\000t\000y\000\040\000\050\0000\000/\000U\000\051}{chapter.4}% 25
\BOOKMARK [2][-]{subsection.4.1.1}{\376\377\000B\000r\000a\000n\000c\000h\000\040\000V\000e\000l\000o\000c\000i\000t\000y\000\040\000D\000e\000r\000i\000v\000a\000t\000i\000o\000n}{section.4.1}% 26
\BOOKMARK [1][-]{section.4.2}{\376\377\000P\000r\000e\000s\000s\000u\000r\000e\000\040\000\050\0000\000/\000p\000\051}{chapter.4}% 27
\BOOKMARK [1][-]{section.4.3}{\376\377\000T\000e\000m\000p\000e\000r\000a\000t\000u\000r\000e\000\040\000\050\0000\000/\000T\000\051}{chapter.4}% 28
\BOOKMARK [1][-]{section.4.4}{\376\377\000S\000p\000e\000c\000i\000e\000s\000\040\000M\000a\000s\000s\000\040\000F\000r\000a\000c\000t\000i\000o\000n\000s\000\040\000\050\0000\000/\000H\0002\000,\000\040\0000\000/\000C\000H\0004\000\051}{chapter.4}% 29
\BOOKMARK [1][-]{section.4.5}{\376\377\000T\000u\000r\000b\000u\000l\000e\000n\000c\000e\000\040\000F\000i\000e\000l\000d\000s\000\040\000\050\0000\000/\000n\000u\000T\000i\000l\000d\000a\000,\000\040\0000\000/\000n\000u\000t\000\051}{chapter.4}% 30
\BOOKMARK [1][-]{section.4.6}{\376\377\000T\000h\000e\000r\000m\000a\000l\000\040\000D\000i\000f\000f\000u\000s\000i\000v\000i\000t\000y\000\040\000\050\0000\000/\000a\000l\000p\000h\000a\000t\000\051}{chapter.4}% 31
\BOOKMARK [0][-]{chapter.5}{\376\377\000S\000o\000l\000u\000t\000i\000o\000n\000\040\000M\000e\000t\000h\000o\000d\000s\000\040\000a\000n\000d\000\040\000C\000o\000n\000t\000r\000o\000l\000s}{}% 32
\BOOKMARK [1][-]{section.5.1}{\376\377\000P\000r\000e\000s\000s\000u\000r\000e\040\023\000V\000e\000l\000o\000c\000i\000t\000y\000\040\000C\000o\000u\000p\000l\000i\000n\000g\000\040\000\050\000f\000v\000S\000o\000l\000u\000t\000i\000o\000n\000\051}{chapter.5}% 33
\BOOKMARK [2][-]{subsection.5.1.1}{\376\377\000L\000i\000n\000e\000a\000r\000\040\000S\000o\000l\000v\000e\000r\000s}{section.5.1}% 34
\BOOKMARK [1][-]{section.5.2}{\376\377\000D\000i\000s\000c\000r\000e\000t\000i\000s\000a\000t\000i\000o\000n\000\040\000S\000c\000h\000e\000m\000e\000s\000\040\000\050\000f\000v\000S\000c\000h\000e\000m\000e\000s\000\051}{chapter.5}% 35
\BOOKMARK [2][-]{subsection.5.2.1}{\376\377\000T\000e\000m\000p\000o\000r\000a\000l}{section.5.2}% 36
\BOOKMARK [2][-]{subsection.5.2.2}{\376\377\000G\000r\000a\000d\000i\000e\000n\000t}{section.5.2}% 37
\BOOKMARK [2][-]{subsection.5.2.3}{\376\377\000C\000o\000n\000v\000e\000c\000t\000i\000o\000n\000\040\000\050\000D\000i\000v\000e\000r\000g\000e\000n\000c\000e\000\051}{section.5.2}% 38
\BOOKMARK [2][-]{subsection.5.2.4}{\376\377\000L\000a\000p\000l\000a\000c\000i\000a\000n\000\040\000a\000n\000d\000\040\000S\000u\000r\000f\000a\000c\000e\000-\000N\000o\000r\000m\000a\000l\000\040\000G\000r\000a\000d\000i\000e\000n\000t}{section.5.2}% 39
\BOOKMARK [1][-]{section.5.3}{\376\377\000U\000n\000d\000e\000r\000-\000R\000e\000l\000a\000x\000a\000t\000i\000o\000n\000\040\000F\000a\000c\000t\000o\000r\000s}{chapter.5}% 40
\BOOKMARK [0][-]{chapter.6}{\376\377\000R\000u\000n\000\040\000S\000e\000t\000u\000p\000,\000\040\000M\000o\000n\000i\000t\000o\000r\000s\000,\000\040\000a\000n\000d\000\040\000E\000x\000e\000c\000u\000t\000i\000o\000n}{}% 41
\BOOKMARK [1][-]{section.6.1}{\376\377\000S\000t\000e\000p\000\040\0001\000:\000\040\000T\000i\000m\000e\000-\000S\000t\000e\000p\000p\000i\000n\000g\000\040\000P\000a\000r\000a\000m\000e\000t\000e\000r\000s}{chapter.6}% 42
\BOOKMARK [1][-]{section.6.2}{\376\377\000S\000t\000e\000p\000\040\0002\000:\000\040\000M\000o\000n\000i\000t\000o\000r\000s\000\040\000\050\000F\000u\000n\000c\000t\000i\000o\000n\000\040\000O\000b\000j\000e\000c\000t\000s\000\051}{chapter.6}% 43
\BOOKMARK [2][-]{subsection.6.2.1}{\376\377\000R\000e\000s\000i\000d\000u\000a\000l\000s}{section.6.2}% 44
\BOOKMARK [2][-]{subsection.6.2.2}{\376\377\000S\000u\000r\000f\000a\000c\000e\000\040\000M\000o\000n\000i\000t\000o\000r\000s}{section.6.2}% 45
\BOOKMARK [2][-]{subsection.6.2.3}{\376\377\000P\000o\000i\000n\000t\000\040\000M\000o\000n\000i\000t\000o\000r\000s\000\040\000\050\000W\000a\000l\000l\000\040\000H\0002\000\040\000P\000r\000o\000b\000e\000s\000\051}{section.6.2}% 46
\BOOKMARK [1][-]{section.6.3}{\376\377\000S\000t\000e\000p\000\040\0003\000:\000\040\000A\000u\000t\000o\000s\000a\000v\000e}{chapter.6}% 47
\BOOKMARK [1][-]{section.6.4}{\376\377\000S\000t\000e\000p\000\040\0004\000:\000\040\000I\000n\000i\000t\000i\000a\000l\000i\000s\000a\000t\000i\000o\000n}{chapter.6}% 48
\BOOKMARK [2][-]{subsection.6.4.1}{\376\377\000D\000e\000f\000a\000u\000l\000t\000\040\000F\000i\000e\000l\000d\000s}{section.6.4}% 49
\BOOKMARK [2][-]{subsection.6.4.2}{\376\377\000P\000a\000t\000c\000h\000\040\000B\000r\000a\000n\000c\000h\000\040\000R\000e\000g\000i\000o\000n\000\040\000\050\000s\000e\000t\000F\000i\000e\000l\000d\000s\000\051}{section.6.4}% 50
\BOOKMARK [1][-]{section.6.5}{\376\377\000S\000t\000e\000p\000\040\0005\000:\000\040\000D\000e\000c\000o\000m\000p\000o\000s\000e\000\040\000a\000n\000d\000\040\000R\000u\000n}{chapter.6}% 51
\BOOKMARK [2][-]{subsection.6.5.1}{\376\377\000D\000o\000m\000a\000i\000n\000\040\000D\000e\000c\000o\000m\000p\000o\000s\000i\000t\000i\000o\000n}{section.6.5}% 52
\BOOKMARK [2][-]{subsection.6.5.2}{\376\377\000R\000u\000n\000\040\000t\000h\000e\000\040\000S\000o\000l\000v\000e\000r}{section.6.5}% 53
\BOOKMARK [2][-]{subsection.6.5.3}{\376\377\000R\000e\000c\000o\000n\000s\000t\000r\000u\000c\000t}{section.6.5}% 54
\BOOKMARK [1][-]{section.6.6}{\376\377\000S\000t\000e\000p\000\040\0006\000:\000\040\000D\000u\000r\000i\000n\000g\000\040\000t\000h\000e\000\040\000R\000u\000n\000\040\040\024\000\040\000W\000h\000a\000t\000\040\000t\000o\000\040\000W\000a\000t\000c\000h}{chapter.6}% 55
\BOOKMARK [1][-]{section.6.7}{\376\377\000S\000t\000e\000p\000\040\0007\000:\000\040\000E\000n\000a\000b\000l\000e\000\040\000T\000i\000m\000e\000\040\000S\000t\000a\000t\000i\000s\000t\000i\000c\000s\000\040\000\050\000A\000f\000t\000e\000r\000\040\000t\000\040\000=\000\040\0004\000s\000\051}{chapter.6}% 56
\BOOKMARK [0][-]{chapter.7}{\376\377\000P\000o\000s\000t\000-\000P\000r\000o\000c\000e\000s\000s\000i\000n\000g}{}% 57
\BOOKMARK [1][-]{section.7.1}{\376\377\000H\000y\000d\000r\000o\000g\000e\000n\000\040\000V\000o\000l\000u\000m\000e\000\040\000F\000r\000a\000c\000t\000i\000o\000n}{chapter.7}% 58
\BOOKMARK [1][-]{section.7.2}{\376\377\000V\000i\000s\000u\000a\000l\000i\000s\000a\000t\000i\000o\000n\000\040\000i\000n\000\040\000P\000a\000r\000a\000V\000i\000e\000w}{chapter.7}% 59
\BOOKMARK [1][-]{section.7.3}{\376\377\000C\000o\000e\000f\000f\000i\000c\000i\000e\000n\000t\000\040\000o\000f\000\040\000V\000a\000r\000i\000a\000t\000i\000o\000n\000\040\000\050\000C\000O\000V\000\051}{chapter.7}% 60
\BOOKMARK [1][-]{section.7.4}{\376\377\000M\000o\000n\000i\000t\000o\000r\000i\000n\000g\000\040\000D\000a\000t\000a}{chapter.7}% 61
\BOOKMARK [0][-]{chapter.8}{\376\377\000Q\000u\000i\000c\000k\000-\000S\000t\000a\000r\000t\000\040\000S\000u\000m\000m\000a\000r\000y}{}% 62
