\BOOKMARK [0][-]{chapter.1}{\376\377\000I\000n\000t\000r\000o\000d\000u\000c\000t\000i\000o\000n}{}% 1
\BOOKMARK [1][-]{section.1.1}{\376\377\000P\000u\000r\000p\000o\000s\000e\000\040\000o\000f\000\040\000T\000h\000i\000s\000\040\000G\000u\000i\000d\000e}{chapter.1}% 2
\BOOKMARK [2][-]{subsection.1.1.1}{\376\377\000T\000h\000e\000\040\000F\000i\000x\000:\000\040\000T\000h\000r\000e\000e\000-\000P\000h\000a\000s\000e\000\040\000S\000t\000r\000a\000t\000e\000g\000y}{section.1.1}% 3
\BOOKMARK [1][-]{section.1.2}{\376\377\000P\000r\000o\000b\000l\000e\000m\000\040\000D\000e\000f\000i\000n\000i\000t\000i\000o\000n}{chapter.1}% 4
\BOOKMARK [1][-]{section.1.3}{\376\377\000T\000u\000r\000b\000u\000l\000e\000n\000c\000e\000\040\000M\000o\000d\000e\000l\000\040\000C\000h\000o\000i\000c\000e\000:\000\040\000k\040\023\000\040\000S\000S\000T}{chapter.1}% 5
\BOOKMARK [0][-]{chapter.2}{\376\377\000G\000e\000o\000m\000e\000t\000r\000y\000\040\000a\000n\000d\000\040\000M\000e\000s\000h\000i\000n\000g}{}% 6
\BOOKMARK [1][-]{section.2.1}{\376\377\000G\000e\000o\000m\000e\000t\000r\000y\000\040\000S\000u\000m\000m\000a\000r\000y}{chapter.2}% 7
\BOOKMARK [1][-]{section.2.2}{\376\377\000M\000e\000s\000h\000i\000n\000g\000\040\000S\000u\000m\000m\000a\000r\000y}{chapter.2}% 8
\BOOKMARK [1][-]{section.2.3}{\376\377\000P\000r\000e\000-\000F\000l\000i\000g\000h\000t\000\040\000M\000e\000s\000h\000\040\000C\000h\000e\000c\000k}{chapter.2}% 9
\BOOKMARK [0][-]{chapter.3}{\376\377\000F\000l\000u\000e\000n\000t\000\040\000L\000a\000u\000n\000c\000h\000\040\000a\000n\000d\000\040\000S\000e\000t\000t\000i\000n\000g\000s\000\040\000C\000o\000m\000m\000o\000n\000\040\000t\000o\000\040\000A\000l\000l\000\040\000P\000h\000a\000s\000e\000s}{}% 10
\BOOKMARK [1][-]{section.3.1}{\376\377\000L\000a\000u\000n\000c\000h\000i\000n\000g\000\040\000F\000l\000u\000e\000n\000t}{chapter.3}% 11
\BOOKMARK [1][-]{section.3.2}{\376\377\000M\000a\000t\000e\000r\000i\000a\000l\000s\000\040\000\050\000A\000l\000l\000\040\000P\000h\000a\000s\000e\000s\000\051}{chapter.3}% 12
\BOOKMARK [2][-]{subsection.3.2.1}{\376\377\000P\000h\000a\000s\000e\000\040\0001\000:\000\040\000I\000m\000p\000o\000r\000t\000\040\000P\000u\000r\000e\000\040\000G\000a\000s\000e\000s}{section.3.2}% 13
\BOOKMARK [2][-]{subsection.3.2.2}{\376\377\000P\000h\000a\000s\000e\000\040\0002\000:\000\040\000C\000r\000e\000a\000t\000e\000\040\000C\000u\000s\000t\000o\000m\000\040\000M\000i\000x\000t\000u\000r\000e}{section.3.2}% 14
\BOOKMARK [2][-]{subsection.3.2.3}{\376\377\000P\000h\000a\000s\000e\000\040\0003\000:\000\040\000M\000i\000x\000t\000u\000r\000e\000\040\000P\000r\000o\000p\000e\000r\000t\000i\000e\000s}{section.3.2}% 15
\BOOKMARK [2][-]{subsection.3.2.4}{\376\377\000N\000I\000S\000T\000\040\000V\000e\000r\000i\000f\000i\000c\000a\000t\000i\000o\000n}{section.3.2}% 16
\BOOKMARK [1][-]{section.3.3}{\376\377\000O\000p\000e\000r\000a\000t\000i\000n\000g\000\040\000C\000o\000n\000d\000i\000t\000i\000o\000n\000s\000\040\000\050\000A\000l\000l\000\040\000P\000h\000a\000s\000e\000s\000\051}{chapter.3}% 17
\BOOKMARK [1][-]{section.3.4}{\376\377\000S\000p\000e\000c\000i\000e\000s\000\040\000M\000o\000d\000e\000l\000\040\000\050\000A\000l\000l\000\040\000P\000h\000a\000s\000e\000s\000\051}{chapter.3}% 18
\BOOKMARK [1][-]{section.3.5}{\376\377\000E\000n\000e\000r\000g\000y\000\040\000E\000q\000u\000a\000t\000i\000o\000n\000\040\000\050\000A\000l\000l\000\040\000P\000h\000a\000s\000e\000s\000\051}{chapter.3}% 19
\BOOKMARK [1][-]{section.3.6}{\376\377\000T\000u\000r\000b\000u\000l\000e\000n\000t\000\040\000S\000c\000h\000m\000i\000d\000t\000\040\000N\000u\000m\000b\000e\000r}{chapter.3}% 20
\BOOKMARK [1][-]{section.3.7}{\376\377\000B\000o\000u\000n\000d\000a\000r\000y\000\040\000C\000o\000n\000d\000i\000t\000i\000o\000n\000s\000\040\000\050\000A\000l\000l\000\040\000P\000h\000a\000s\000e\000s\000\051}{chapter.3}% 21
\BOOKMARK [2][-]{subsection.3.7.1}{\376\377\000m\000a\000i\000n\000\137\000i\000n\000l\000e\000t\000\040\040\024\000\040\000V\000e\000l\000o\000c\000i\000t\000y\000\040\000I\000n\000l\000e\000t}{section.3.7}% 22
\BOOKMARK [2][-]{subsection.3.7.2}{\376\377\000b\000r\000a\000n\000c\000h\000\137\000i\000n\000l\000e\000t\000\040\040\024\000\040\000V\000e\000l\000o\000c\000i\000t\000y\000\040\000I\000n\000l\000e\000t}{section.3.7}% 23
\BOOKMARK [2][-]{subsection.3.7.3}{\376\377\000o\000u\000t\000l\000e\000t\000\040\040\024\000\040\000P\000r\000e\000s\000s\000u\000r\000e\000\040\000O\000u\000t\000l\000e\000t}{section.3.7}% 24
\BOOKMARK [2][-]{subsection.3.7.4}{\376\377\000w\000a\000l\000l\000\040\040\024\000\040\000W\000a\000l\000l}{section.3.7}% 25
\BOOKMARK [0][-]{chapter.4}{\376\377\000P\000h\000a\000s\000e\000\040\0001\000:\000\040\000S\000t\000e\000a\000d\000y\000-\000S\000t\000a\000t\000e\000\040\000R\000A\000N\000S}{}% 26
\BOOKMARK [1][-]{section.4.1}{\376\377\000S\000t\000e\000p\000\040\0001\000:\000\040\000G\000e\000n\000e\000r\000a\000l\000\040\000S\000e\000t\000t\000i\000n\000g\000s}{chapter.4}% 27
\BOOKMARK [1][-]{section.4.2}{\376\377\000S\000t\000e\000p\000\040\0002\000:\000\040\000T\000u\000r\000b\000u\000l\000e\000n\000c\000e\000\040\000M\000o\000d\000e\000l}{chapter.4}% 28
\BOOKMARK [1][-]{section.4.3}{\376\377\000S\000t\000e\000p\000\040\0003\000:\000\040\000S\000o\000l\000u\000t\000i\000o\000n\000\040\000M\000e\000t\000h\000o\000d\000s}{chapter.4}% 29
\BOOKMARK [1][-]{section.4.4}{\376\377\000S\000t\000e\000p\000\040\0004\000:\000\040\000U\000n\000d\000e\000r\000-\000R\000e\000l\000a\000x\000a\000t\000i\000o\000n\000\040\000F\000a\000c\000t\000o\000r\000s}{chapter.4}% 30
\BOOKMARK [1][-]{section.4.5}{\376\377\000S\000t\000e\000p\000\040\0005\000:\000\040\000I\000n\000i\000t\000i\000a\000l\000i\000s\000a\000t\000i\000o\000n}{chapter.4}% 31
\BOOKMARK [2][-]{subsection.4.5.1}{\376\377\000P\000a\000t\000c\000h\000\040\000t\000h\000e\000\040\000B\000r\000a\000n\000c\000h}{section.4.5}% 32
\BOOKMARK [1][-]{section.4.6}{\376\377\000S\000t\000e\000p\000\040\0006\000:\000\040\000R\000e\000s\000i\000d\000u\000a\000l\000\040\000M\000o\000n\000i\000t\000o\000r\000s}{chapter.4}% 33
\BOOKMARK [1][-]{section.4.7}{\376\377\000S\000t\000e\000p\000\040\0007\000:\000\040\000R\000u\000n\000\040\000P\000h\000a\000s\000e\000\040\0001}{chapter.4}% 34
\BOOKMARK [2][-]{subsection.4.7.1}{\376\377\000W\000h\000a\000t\000\040\000t\000o\000\040\000W\000a\000t\000c\000h}{section.4.7}% 35
\BOOKMARK [1][-]{section.4.8}{\376\377\000S\000t\000e\000p\000\040\0008\000:\000\040\000S\000a\000v\000e}{chapter.4}% 36
\BOOKMARK [0][-]{chapter.5}{\376\377\000P\000h\000a\000s\000e\000\040\0002\000:\000\040\000T\000r\000a\000n\000s\000i\000e\000n\000t\000\040\000R\000A\000N\000S}{}% 37
\BOOKMARK [1][-]{section.5.1}{\376\377\000S\000t\000e\000p\000\040\0001\000:\000\040\000S\000w\000i\000t\000c\000h\000\040\000t\000o\000\040\000T\000r\000a\000n\000s\000i\000e\000n\000t}{chapter.5}% 38
\BOOKMARK [1][-]{section.5.2}{\376\377\000S\000t\000e\000p\000\040\0002\000:\000\040\000C\000h\000a\000n\000g\000e\000\040\000P\000r\000e\000s\000s\000u\000r\000e\040\023\000V\000e\000l\000o\000c\000i\000t\000y\000\040\000C\000o\000u\000p\000l\000i\000n\000g}{chapter.5}% 39
\BOOKMARK [1][-]{section.5.3}{\376\377\000S\000t\000e\000p\000\040\0003\000:\000\040\000U\000p\000d\000a\000t\000e\000\040\000S\000p\000a\000t\000i\000a\000l\000\040\000D\000i\000s\000c\000r\000e\000t\000i\000s\000a\000t\000i\000o\000n}{chapter.5}% 40
\BOOKMARK [1][-]{section.5.4}{\376\377\000S\000t\000e\000p\000\040\0004\000:\000\040\000T\000r\000a\000n\000s\000i\000e\000n\000t\000\040\000F\000o\000r\000m\000u\000l\000a\000t\000i\000o\000n}{chapter.5}% 41
\BOOKMARK [1][-]{section.5.5}{\376\377\000S\000t\000e\000p\000\040\0005\000:\000\040\000U\000n\000d\000e\000r\000-\000R\000e\000l\000a\000x\000a\000t\000i\000o\000n\000\040\000F\000a\000c\000t\000o\000r\000s}{chapter.5}% 42
\BOOKMARK [1][-]{section.5.6}{\376\377\000S\000t\000e\000p\000\040\0006\000:\000\040\000T\000i\000m\000e\000\040\000S\000t\000e\000p\000p\000i\000n\000g\000\040\040\024\000\040\000C\000o\000n\000s\000e\000r\000v\000a\000t\000i\000v\000e\000\040\000S\000t\000a\000r\000t}{chapter.5}% 43
\BOOKMARK [2][-]{subsection.5.6.1}{\376\377\000W\000h\000a\000t\000\040\000t\000o\000\040\000W\000a\000t\000c\000h}{section.5.6}% 44
\BOOKMARK [1][-]{section.5.7}{\376\377\000S\000t\000e\000p\000\040\0007\000:\000\040\000S\000a\000v\000e}{chapter.5}% 45
\BOOKMARK [0][-]{chapter.6}{\376\377\000P\000h\000a\000s\000e\000\040\0003\000:\000\040\000T\000r\000a\000n\000s\000i\000e\000n\000t\000\040\000D\000D\000E\000S\000\040\000\050\000P\000r\000o\000d\000u\000c\000t\000i\000o\000n\000\040\000R\000u\000n\000\051}{}% 46
\BOOKMARK [1][-]{section.6.1}{\376\377\000S\000t\000e\000p\000\040\0001\000:\000\040\000E\000n\000a\000b\000l\000e\000\040\000D\000D\000E\000S}{chapter.6}% 47
\BOOKMARK [1][-]{section.6.2}{\376\377\000S\000t\000e\000p\000\040\0002\000:\000\040\000V\000e\000r\000i\000f\000y\000\040\000A\000l\000l\000\040\000O\000t\000h\000e\000r\000\040\000S\000e\000t\000t\000i\000n\000g\000s}{chapter.6}% 48
\BOOKMARK [1][-]{section.6.3}{\376\377\000S\000t\000e\000p\000\040\0003\000:\000\040\000S\000e\000t\000\040\000U\000p\000\040\000M\000o\000n\000i\000t\000o\000r\000s}{chapter.6}% 49
\BOOKMARK [2][-]{subsection.6.3.1}{\376\377\000R\000e\000s\000i\000d\000u\000a\000l\000\040\000M\000o\000n\000i\000t\000o\000r\000s}{section.6.3}% 50
\BOOKMARK [2][-]{subsection.6.3.2}{\376\377\000S\000u\000r\000f\000a\000c\000e\000\040\000M\000o\000n\000i\000t\000o\000r\000s}{section.6.3}% 51
\BOOKMARK [2][-]{subsection.6.3.3}{\376\377\000P\000o\000i\000n\000t\000\040\000M\000o\000n\000i\000t\000o\000r\000s\000\040\000\050\000W\000a\000l\000l\000\040\000H\0002\000\051}{section.6.3}% 52
\BOOKMARK [1][-]{section.6.4}{\376\377\000S\000t\000e\000p\000\040\0004\000:\000\040\000A\000u\000t\000o\000s\000a\000v\000e}{chapter.6}% 53
\BOOKMARK [1][-]{section.6.5}{\376\377\000S\000t\000e\000p\000\040\0005\000:\000\040\000R\000u\000n\000\040\000C\000a\000l\000c\000u\000l\000a\000t\000i\000o\000n}{chapter.6}% 54
\BOOKMARK [1][-]{section.6.6}{\376\377\000S\000t\000e\000p\000\040\0006\000:\000\040\000E\000n\000a\000b\000l\000e\000\040\000T\000i\000m\000e\000\040\000S\000t\000a\000t\000i\000s\000t\000i\000c\000s\000\040\000\050\000A\000f\000t\000e\000r\000\040\000t\000\040\000=\000\040\0004\000s\000\051}{chapter.6}% 55
\BOOKMARK [1][-]{section.6.7}{\376\377\000S\000t\000e\000p\000\040\0007\000:\000\040\000W\000h\000a\000t\000\040\000t\000o\000\040\000W\000a\000t\000c\000h\000\040\000D\000u\000r\000i\000n\000g\000\040\000t\000h\000e\000\040\000R\000u\000n}{chapter.6}% 56
\BOOKMARK [1][-]{section.6.8}{\376\377\000S\000t\000e\000p\000\040\0008\000:\000\040\000S\000a\000v\000e}{chapter.6}% 57
\BOOKMARK [0][-]{chapter.7}{\376\377\000P\000o\000s\000t\000-\000P\000r\000o\000c\000e\000s\000s\000i\000n\000g\000\040\000a\000n\000d\000\040\000V\000a\000l\000i\000d\000a\000t\000i\000o\000n}{}% 58
\BOOKMARK [1][-]{section.7.1}{\376\377\000H\000y\000d\000r\000o\000g\000e\000n\000\040\000V\000o\000l\000u\000m\000e\000\040\000F\000r\000a\000c\000t\000i\000o\000n}{chapter.7}% 59
\BOOKMARK [1][-]{section.7.2}{\376\377\000W\000a\000l\000l\000\040\000y\000+\000\040\000C\000h\000e\000c\000k}{chapter.7}% 60
\BOOKMARK [1][-]{section.7.3}{\376\377\000E\000x\000p\000e\000c\000t\000e\000d\000\040\000R\000e\000s\000u\000l\000t\000s\000\040\000\050\000D\000\040\000=\000\040\0000\000.\0002\000,\000\040\000=\000\040\0000\000.\0002\0005\000\051}{chapter.7}% 61
\BOOKMARK [1][-]{section.7.4}{\376\377\000C\000o\000e\000f\000f\000i\000c\000i\000e\000n\000t\000\040\000o\000f\000\040\000V\000a\000r\000i\000a\000t\000i\000o\000n\000\040\000\050\000C\000O\000V\000\051}{chapter.7}% 62
\BOOKMARK [1][-]{section.7.5}{\376\377\000M\000e\000s\000h\000\040\000I\000n\000d\000e\000p\000e\000n\000d\000e\000n\000c\000e\000\040\000\050\000G\000C\000I\000\051}{chapter.7}% 63
\BOOKMARK [0][-]{chapter.8}{\376\377\000T\000r\000o\000u\000b\000l\000e\000s\000h\000o\000o\000t\000i\000n\000g}{}% 64
\BOOKMARK [1][-]{section.8.1}{\376\377\000P\000h\000a\000s\000e\000\040\0001\000\040\000W\000o\000n\000'\000t\000\040\000C\000o\000n\000v\000e\000r\000g\000e}{chapter.8}% 65
\BOOKMARK [1][-]{section.8.2}{\376\377\000P\000h\000a\000s\000e\000\040\0002\000\040\000D\000i\000v\000e\000r\000g\000e\000s\000\040\000o\000n\000\040\000F\000i\000r\000s\000t\000\040\000S\000t\000e\000p}{chapter.8}% 66
\BOOKMARK [1][-]{section.8.3}{\376\377\000P\000h\000a\000s\000e\000\040\0002\000\040\000D\000i\000v\000e\000r\000g\000e\000s\000\040\000A\000f\000t\000e\000r\000\040\0002\0000\0000\040\023\0005\0000\0000\000\040\000S\000t\000e\000p\000s}{chapter.8}% 67
\BOOKMARK [1][-]{section.8.4}{\376\377\000P\000h\000a\000s\000e\000\040\0003\000:\000\040\000D\000D\000E\000S\000\040\000C\000a\000u\000s\000e\000s\000\040\000I\000m\000m\000e\000d\000i\000a\000t\000e\000\040\000D\000i\000v\000e\000r\000g\000e\000n\000c\000e}{chapter.8}% 68
\BOOKMARK [1][-]{section.8.5}{\376\377\000G\000e\000n\000e\000r\000a\000l\000:\000\040\000`\000`\000T\000u\000r\000b\000u\000l\000e\000n\000t\000\040\000V\000i\000s\000c\000o\000s\000i\000t\000y\000\040\000R\000a\000t\000i\000o\000\040\000L\000i\000m\000i\000t\000e\000d\000'\000'\000\040\000W\000a\000r\000n\000i\000n\000g}{chapter.8}% 69
\BOOKMARK [1][-]{section.8.6}{\376\377\000G\000e\000n\000e\000r\000a\000l\000:\000\040\000M\000a\000s\000s\000\040\000I\000m\000b\000a\000l\000a\000n\000c\000e\000\040\000>\000\040\0001\000\045}{chapter.8}% 70
\BOOKMARK [0][-]{chapter.9}{\376\377\000Q\000u\000i\000c\000k\000-\000R\000e\000f\000e\000r\000e\000n\000c\000e\000\040\000S\000u\000m\000m\000a\000r\000y}{}% 71
