2026-04-28 14:01:23.029 (   0.715s) [    75EB2803E540]vtkXOpenGLRenderWindow.:1460  WARN| bad X server connection. DISPLAY=
2026-04-28 14:01:26.225 (   3.911s) [    75EB2803E540]      vtkPolyhedron.cxx:2025  WARN| A cell with a non-manifold triangulation has been encountered. This cell cannot be contoured.
/home/psl_3/work/MTP-Work/openfoam_case_rans_doe_150deg_base/tools/make_figures.py:374: PyVistaDeprecationWarning: ``max_time`` parameter is deprecated.  It will be removed in v0.48
  stream = pdata.streamlines_from_source(
Case: /home/psl_3/work/openfoam_case_rans_doe_150deg/doe_cases/case_03
Out:  /home/psl_3/work/openfoam_case_rans_doe_150deg/doe_results/case_03/figures
[1/7] fig_geometry
  wrote fig_geometry.png  (48.1 KB)
[2/7] loading volume mesh...
  reading t = 1.2 s  (all times: [0.0, 1.2])
       internal: 479,099 cells, fields: ['CH4', 'CH4Mean', 'CH4Prime2Mean', 'H2', 'H2Mean', 'H2Prime2Mean', 'Qdot', 'T', 'U', 'UMean', 'alphat', 'k', 'kMean', 'nut', 'omega', 'p', 'p_rgh', 'p_rghMean', 'yPlus']
[3/7] fig_mesh_xz
  wrote fig_mesh_xz.png  (331.1 KB)
[4/7] fig_H2_xz
  wrote fig_H2_xz.png  (67.2 KB)
[5/7] fig_H2_outlet
  wrote fig_H2_outlet.png  (28.4 KB)
[6/7] fig_velocity_xz + fig_pressure_xz
  wrote fig_velocity_xz.png  (69.6 KB)
  wrote fig_pressure_xz.png  (43.5 KB)
[7/7] fig_streamlines
  wrote fig_streamlines.png  (58.5 KB)
DONE.
