=== case_01 ===
[4/7] fig_H2_xz
  wrote fig_H2_xz.png  (54.6 KB)
[5/7] fig_H2_outlet
  wrote fig_H2_outlet.png  (30.4 KB)
[6/7] fig_velocity_xz + fig_pressure_xz
  wrote fig_velocity_xz.png  (59.4 KB)
  wrote fig_pressure_xz.png  (36.5 KB)
[7/7] fig_streamlines
  wrote fig_streamlines.png  (63.8 KB)
DONE.

=== case_02 ===
[4/7] fig_H2_xz
  wrote fig_H2_xz.png  (58.2 KB)
[5/7] fig_H2_outlet
  wrote fig_H2_outlet.png  (26.1 KB)
[6/7] fig_velocity_xz + fig_pressure_xz
  wrote fig_velocity_xz.png  (57.4 KB)
  wrote fig_pressure_xz.png  (39.8 KB)
[7/7] fig_streamlines
  wrote fig_streamlines.png  (52.2 KB)
DONE.

=== case_03 ===
[4/7] fig_H2_xz
  wrote fig_H2_xz.png  (63.8 KB)
[5/7] fig_H2_outlet
  wrote fig_H2_outlet.png  (26.0 KB)
[6/7] fig_velocity_xz + fig_pressure_xz
  wrote fig_velocity_xz.png  (60.0 KB)
  wrote fig_pressure_xz.png  (39.0 KB)
[7/7] fig_streamlines
  wrote fig_streamlines.png  (53.5 KB)
DONE.

=== case_05 ===
[4/7] fig_H2_xz
  wrote fig_H2_xz.png  (61.2 KB)
[5/7] fig_H2_outlet
  wrote fig_H2_outlet.png  (25.7 KB)
[6/7] fig_velocity_xz + fig_pressure_xz
  wrote fig_velocity_xz.png  (61.2 KB)
  wrote fig_pressure_xz.png  (42.4 KB)
[7/7] fig_streamlines
  wrote fig_streamlines.png  (53.1 KB)
DONE.

=== case_06 ===
[4/7] fig_H2_xz
  wrote fig_H2_xz.png  (67.7 KB)
[5/7] fig_H2_outlet
  wrote fig_H2_outlet.png  (25.2 KB)
[6/7] fig_velocity_xz + fig_pressure_xz
  wrote fig_velocity_xz.png  (60.3 KB)
  wrote fig_pressure_xz.png  (39.8 KB)
[7/7] fig_streamlines
  wrote fig_streamlines.png  (65.5 KB)
DONE.

=== case_07 ===
[4/7] fig_H2_xz
  wrote fig_H2_xz.png  (60.7 KB)
[5/7] fig_H2_outlet
  wrote fig_H2_outlet.png  (28.3 KB)
[6/7] fig_velocity_xz + fig_pressure_xz
  wrote fig_velocity_xz.png  (62.7 KB)
  wrote fig_pressure_xz.png  (43.6 KB)
[7/7] fig_streamlines
  wrote fig_streamlines.png  (56.1 KB)
DONE.

=== case_08 ===
[4/7] fig_H2_xz
  wrote fig_H2_xz.png  (59.2 KB)
[5/7] fig_H2_outlet
  wrote fig_H2_outlet.png  (27.9 KB)
[6/7] fig_velocity_xz + fig_pressure_xz
  wrote fig_velocity_xz.png  (65.0 KB)
  wrote fig_pressure_xz.png  (45.4 KB)
[7/7] fig_streamlines
  wrote fig_streamlines.png  (54.4 KB)
DONE.

=== case_09 ===
[4/7] fig_H2_xz
  wrote fig_H2_xz.png  (60.0 KB)
[5/7] fig_H2_outlet
  wrote fig_H2_outlet.png  (26.2 KB)
[6/7] fig_velocity_xz + fig_pressure_xz
  wrote fig_velocity_xz.png  (65.7 KB)
  wrote fig_pressure_xz.png  (44.4 KB)
[7/7] fig_streamlines
  wrote fig_streamlines.png  (57.6 KB)
DONE.

=== case_10 ===
[4/7] fig_H2_xz
  wrote fig_H2_xz.png  (59.0 KB)
[5/7] fig_H2_outlet
  wrote fig_H2_outlet.png  (26.7 KB)
[6/7] fig_velocity_xz + fig_pressure_xz
  wrote fig_velocity_xz.png  (66.2 KB)
  wrote fig_pressure_xz.png  (44.1 KB)
[7/7] fig_streamlines
  wrote fig_streamlines.png  (56.6 KB)
DONE.

